Symlinking /home/rai/raibocup/raibo_ws/devel/lib/pkgconfig/ired_msgs.pc
Symlinking /home/rai/raibocup/raibo_ws/devel/lib/python3/dist-packages/ired_msgs/__init__.py
Symlinking /home/rai/raibocup/raibo_ws/devel/lib/python3/dist-packages/ired_msgs/msg/_PID.py
Symlinking /home/rai/raibocup/raibo_ws/devel/lib/python3/dist-packages/ired_msgs/msg/_IMU.py
Symlinking /home/rai/raibocup/raibo_ws/devel/lib/python3/dist-packages/ired_msgs/msg/_Mode.py
Symlinking /home/rai/raibocup/raibo_ws/devel/lib/python3/dist-packages/ired_msgs/msg/_Motor.py
Symlinking /home/rai/raibocup/raibo_ws/devel/lib/python3/dist-packages/ired_msgs/msg/__init__.py
Symlinking /home/rai/raibocup/raibo_ws/devel/share/ired_msgs/cmake/ired_msgs-msg-paths.cmake
Symlinking /home/rai/raibocup/raibo_ws/devel/share/ired_msgs/cmake/ired_msgs-msg-extras.cmake
Symlinking /home/rai/raibocup/raibo_ws/devel/share/ired_msgs/cmake/ired_msgsConfig-version.cmake
Symlinking /home/rai/raibocup/raibo_ws/devel/share/ired_msgs/cmake/ired_msgsConfig.cmake
Symlinking /home/rai/raibocup/raibo_ws/devel/share/gennodejs/ros/ired_msgs/_index.js
Symlinking /home/rai/raibocup/raibo_ws/devel/share/gennodejs/ros/ired_msgs/msg/IMU.js
Symlinking /home/rai/raibocup/raibo_ws/devel/share/gennodejs/ros/ired_msgs/msg/Motor.js
Symlinking /home/rai/raibocup/raibo_ws/devel/share/gennodejs/ros/ired_msgs/msg/PID.js
Symlinking /home/rai/raibocup/raibo_ws/devel/share/gennodejs/ros/ired_msgs/msg/Mode.js
Symlinking /home/rai/raibocup/raibo_ws/devel/share/gennodejs/ros/ired_msgs/msg/_index.js
Symlinking /home/rai/raibocup/raibo_ws/devel/share/roseus/ros/ired_msgs/manifest.l
Symlinking /home/rai/raibocup/raibo_ws/devel/share/roseus/ros/ired_msgs/msg/IMU.l
Symlinking /home/rai/raibocup/raibo_ws/devel/share/roseus/ros/ired_msgs/msg/Mode.l
Symlinking /home/rai/raibocup/raibo_ws/devel/share/roseus/ros/ired_msgs/msg/PID.l
Symlinking /home/rai/raibocup/raibo_ws/devel/share/roseus/ros/ired_msgs/msg/Motor.l
Symlinking /home/rai/raibocup/raibo_ws/devel/share/common-lisp/ros/ired_msgs/msg/ired_msgs-msg.asd
Symlinking /home/rai/raibocup/raibo_ws/devel/share/common-lisp/ros/ired_msgs/msg/_package_PID.lisp
Symlinking /home/rai/raibocup/raibo_ws/devel/share/common-lisp/ros/ired_msgs/msg/_package_Mode.lisp
Symlinking /home/rai/raibocup/raibo_ws/devel/share/common-lisp/ros/ired_msgs/msg/_package.lisp
Symlinking /home/rai/raibocup/raibo_ws/devel/share/common-lisp/ros/ired_msgs/msg/Mode.lisp
Symlinking /home/rai/raibocup/raibo_ws/devel/share/common-lisp/ros/ired_msgs/msg/IMU.lisp
Symlinking /home/rai/raibocup/raibo_ws/devel/share/common-lisp/ros/ired_msgs/msg/_package_Motor.lisp
Symlinking /home/rai/raibocup/raibo_ws/devel/share/common-lisp/ros/ired_msgs/msg/PID.lisp
Symlinking /home/rai/raibocup/raibo_ws/devel/share/common-lisp/ros/ired_msgs/msg/Motor.lisp
Symlinking /home/rai/raibocup/raibo_ws/devel/share/common-lisp/ros/ired_msgs/msg/_package_IMU.lisp
Symlinking /home/rai/raibocup/raibo_ws/devel/include/ired_msgs/Mode.h
Symlinking /home/rai/raibocup/raibo_ws/devel/include/ired_msgs/Motor.h
Symlinking /home/rai/raibocup/raibo_ws/devel/include/ired_msgs/IMU.h
Symlinking /home/rai/raibocup/raibo_ws/devel/include/ired_msgs/PID.h
