Linked: (/home/rai/raibocup/raibo_ws/devel/.private/ired_msgs/lib/pkgconfig/ired_msgs.pc, /home/rai/raibocup/raibo_ws/devel/lib/pkgconfig/ired_msgs.pc)
Linked: (/home/rai/raibocup/raibo_ws/devel/.private/ired_msgs/lib/python3/dist-packages/ired_msgs/__init__.py, /home/rai/raibocup/raibo_ws/devel/lib/python3/dist-packages/ired_msgs/__init__.py)
Linked: (/home/rai/raibocup/raibo_ws/devel/.private/ired_msgs/lib/python3/dist-packages/ired_msgs/msg/_PID.py, /home/rai/raibocup/raibo_ws/devel/lib/python3/dist-packages/ired_msgs/msg/_PID.py)
Linked: (/home/rai/raibocup/raibo_ws/devel/.private/ired_msgs/lib/python3/dist-packages/ired_msgs/msg/_IMU.py, /home/rai/raibocup/raibo_ws/devel/lib/python3/dist-packages/ired_msgs/msg/_IMU.py)
Linked: (/home/rai/raibocup/raibo_ws/devel/.private/ired_msgs/lib/python3/dist-packages/ired_msgs/msg/_Mode.py, /home/rai/raibocup/raibo_ws/devel/lib/python3/dist-packages/ired_msgs/msg/_Mode.py)
Linked: (/home/rai/raibocup/raibo_ws/devel/.private/ired_msgs/lib/python3/dist-packages/ired_msgs/msg/_Motor.py, /home/rai/raibocup/raibo_ws/devel/lib/python3/dist-packages/ired_msgs/msg/_Motor.py)
Linked: (/home/rai/raibocup/raibo_ws/devel/.private/ired_msgs/lib/python3/dist-packages/ired_msgs/msg/__init__.py, /home/rai/raibocup/raibo_ws/devel/lib/python3/dist-packages/ired_msgs/msg/__init__.py)
Linked: (/home/rai/raibocup/raibo_ws/devel/.private/ired_msgs/share/ired_msgs/cmake/ired_msgs-msg-paths.cmake, /home/rai/raibocup/raibo_ws/devel/share/ired_msgs/cmake/ired_msgs-msg-paths.cmake)
Linked: (/home/rai/raibocup/raibo_ws/devel/.private/ired_msgs/share/ired_msgs/cmake/ired_msgs-msg-extras.cmake, /home/rai/raibocup/raibo_ws/devel/share/ired_msgs/cmake/ired_msgs-msg-extras.cmake)
Linked: (/home/rai/raibocup/raibo_ws/devel/.private/ired_msgs/share/ired_msgs/cmake/ired_msgsConfig-version.cmake, /home/rai/raibocup/raibo_ws/devel/share/ired_msgs/cmake/ired_msgsConfig-version.cmake)
Linked: (/home/rai/raibocup/raibo_ws/devel/.private/ired_msgs/share/ired_msgs/cmake/ired_msgsConfig.cmake, /home/rai/raibocup/raibo_ws/devel/share/ired_msgs/cmake/ired_msgsConfig.cmake)
Linked: (/home/rai/raibocup/raibo_ws/devel/.private/ired_msgs/share/gennodejs/ros/ired_msgs/_index.js, /home/rai/raibocup/raibo_ws/devel/share/gennodejs/ros/ired_msgs/_index.js)
Linked: (/home/rai/raibocup/raibo_ws/devel/.private/ired_msgs/share/gennodejs/ros/ired_msgs/msg/IMU.js, /home/rai/raibocup/raibo_ws/devel/share/gennodejs/ros/ired_msgs/msg/IMU.js)
Linked: (/home/rai/raibocup/raibo_ws/devel/.private/ired_msgs/share/gennodejs/ros/ired_msgs/msg/Motor.js, /home/rai/raibocup/raibo_ws/devel/share/gennodejs/ros/ired_msgs/msg/Motor.js)
Linked: (/home/rai/raibocup/raibo_ws/devel/.private/ired_msgs/share/gennodejs/ros/ired_msgs/msg/PID.js, /home/rai/raibocup/raibo_ws/devel/share/gennodejs/ros/ired_msgs/msg/PID.js)
Linked: (/home/rai/raibocup/raibo_ws/devel/.private/ired_msgs/share/gennodejs/ros/ired_msgs/msg/Mode.js, /home/rai/raibocup/raibo_ws/devel/share/gennodejs/ros/ired_msgs/msg/Mode.js)
Linked: (/home/rai/raibocup/raibo_ws/devel/.private/ired_msgs/share/gennodejs/ros/ired_msgs/msg/_index.js, /home/rai/raibocup/raibo_ws/devel/share/gennodejs/ros/ired_msgs/msg/_index.js)
Linked: (/home/rai/raibocup/raibo_ws/devel/.private/ired_msgs/share/roseus/ros/ired_msgs/manifest.l, /home/rai/raibocup/raibo_ws/devel/share/roseus/ros/ired_msgs/manifest.l)
Linked: (/home/rai/raibocup/raibo_ws/devel/.private/ired_msgs/share/roseus/ros/ired_msgs/msg/IMU.l, /home/rai/raibocup/raibo_ws/devel/share/roseus/ros/ired_msgs/msg/IMU.l)
Linked: (/home/rai/raibocup/raibo_ws/devel/.private/ired_msgs/share/roseus/ros/ired_msgs/msg/Mode.l, /home/rai/raibocup/raibo_ws/devel/share/roseus/ros/ired_msgs/msg/Mode.l)
Linked: (/home/rai/raibocup/raibo_ws/devel/.private/ired_msgs/share/roseus/ros/ired_msgs/msg/PID.l, /home/rai/raibocup/raibo_ws/devel/share/roseus/ros/ired_msgs/msg/PID.l)
Linked: (/home/rai/raibocup/raibo_ws/devel/.private/ired_msgs/share/roseus/ros/ired_msgs/msg/Motor.l, /home/rai/raibocup/raibo_ws/devel/share/roseus/ros/ired_msgs/msg/Motor.l)
Linked: (/home/rai/raibocup/raibo_ws/devel/.private/ired_msgs/share/common-lisp/ros/ired_msgs/msg/ired_msgs-msg.asd, /home/rai/raibocup/raibo_ws/devel/share/common-lisp/ros/ired_msgs/msg/ired_msgs-msg.asd)
Linked: (/home/rai/raibocup/raibo_ws/devel/.private/ired_msgs/share/common-lisp/ros/ired_msgs/msg/_package_PID.lisp, /home/rai/raibocup/raibo_ws/devel/share/common-lisp/ros/ired_msgs/msg/_package_PID.lisp)
Linked: (/home/rai/raibocup/raibo_ws/devel/.private/ired_msgs/share/common-lisp/ros/ired_msgs/msg/_package_Mode.lisp, /home/rai/raibocup/raibo_ws/devel/share/common-lisp/ros/ired_msgs/msg/_package_Mode.lisp)
Linked: (/home/rai/raibocup/raibo_ws/devel/.private/ired_msgs/share/common-lisp/ros/ired_msgs/msg/_package.lisp, /home/rai/raibocup/raibo_ws/devel/share/common-lisp/ros/ired_msgs/msg/_package.lisp)
Linked: (/home/rai/raibocup/raibo_ws/devel/.private/ired_msgs/share/common-lisp/ros/ired_msgs/msg/Mode.lisp, /home/rai/raibocup/raibo_ws/devel/share/common-lisp/ros/ired_msgs/msg/Mode.lisp)
Linked: (/home/rai/raibocup/raibo_ws/devel/.private/ired_msgs/share/common-lisp/ros/ired_msgs/msg/IMU.lisp, /home/rai/raibocup/raibo_ws/devel/share/common-lisp/ros/ired_msgs/msg/IMU.lisp)
Linked: (/home/rai/raibocup/raibo_ws/devel/.private/ired_msgs/share/common-lisp/ros/ired_msgs/msg/_package_Motor.lisp, /home/rai/raibocup/raibo_ws/devel/share/common-lisp/ros/ired_msgs/msg/_package_Motor.lisp)
Linked: (/home/rai/raibocup/raibo_ws/devel/.private/ired_msgs/share/common-lisp/ros/ired_msgs/msg/PID.lisp, /home/rai/raibocup/raibo_ws/devel/share/common-lisp/ros/ired_msgs/msg/PID.lisp)
Linked: (/home/rai/raibocup/raibo_ws/devel/.private/ired_msgs/share/common-lisp/ros/ired_msgs/msg/Motor.lisp, /home/rai/raibocup/raibo_ws/devel/share/common-lisp/ros/ired_msgs/msg/Motor.lisp)
Linked: (/home/rai/raibocup/raibo_ws/devel/.private/ired_msgs/share/common-lisp/ros/ired_msgs/msg/_package_IMU.lisp, /home/rai/raibocup/raibo_ws/devel/share/common-lisp/ros/ired_msgs/msg/_package_IMU.lisp)
Linked: (/home/rai/raibocup/raibo_ws/devel/.private/ired_msgs/include/ired_msgs/Mode.h, /home/rai/raibocup/raibo_ws/devel/include/ired_msgs/Mode.h)
Linked: (/home/rai/raibocup/raibo_ws/devel/.private/ired_msgs/include/ired_msgs/Motor.h, /home/rai/raibocup/raibo_ws/devel/include/ired_msgs/Motor.h)
Linked: (/home/rai/raibocup/raibo_ws/devel/.private/ired_msgs/include/ired_msgs/IMU.h, /home/rai/raibocup/raibo_ws/devel/include/ired_msgs/IMU.h)
Linked: (/home/rai/raibocup/raibo_ws/devel/.private/ired_msgs/include/ired_msgs/PID.h, /home/rai/raibocup/raibo_ws/devel/include/ired_msgs/PID.h)
