[35m[1mScanning dependencies of target std_msgs_generate_messages_eus[0m
[35m[1mScanning dependencies of target _ired_msgs_generate_messages_check_deps_PID[0m
[35m[1mScanning dependencies of target std_msgs_generate_messages_cpp[0m
[35m[1mScanning dependencies of target _ired_msgs_generate_messages_check_deps_Mode[0m
[35m[1mScanning dependencies of target _ired_msgs_generate_messages_check_deps_Motor[0m
[35m[1mScanning dependencies of target std_msgs_generate_messages_nodejs[0m
[35m[1mScanning dependencies of target std_msgs_generate_messages_lisp[0m
[35m[1mScanning dependencies of target _ired_msgs_generate_messages_check_deps_IMU[0m
[35m[1mScanning dependencies of target std_msgs_generate_messages_py[0m
[  0%] Built target std_msgs_generate_messages_eus
[  0%] Built target std_msgs_generate_messages_nodejs
[  0%] Built target std_msgs_generate_messages_cpp
[  0%] Built target std_msgs_generate_messages_py
[  0%] Built target std_msgs_generate_messages_lisp
[  0%] Built target _ired_msgs_generate_messages_check_deps_IMU
[  0%] Built target _ired_msgs_generate_messages_check_deps_PID
[  0%] Built target _ired_msgs_generate_messages_check_deps_Mode
[  0%] Built target _ired_msgs_generate_messages_check_deps_Motor
[35m[1mScanning dependencies of target ired_msgs_generate_messages_eus[0m
[35m[1mScanning dependencies of target ired_msgs_generate_messages_lisp[0m
[35m[1mScanning dependencies of target ired_msgs_generate_messages_cpp[0m
[35m[1mScanning dependencies of target ired_msgs_generate_messages_py[0m
[35m[1mScanning dependencies of target ired_msgs_generate_messages_nodejs[0m
[ 31%] [34m[1mGenerating Lisp code from ired_msgs/Mode.msg[0m
[ 31%] [34m[1mGenerating EusLisp code from ired_msgs/Mode.msg[0m
[ 31%] [34m[1mGenerating Lisp code from ired_msgs/Motor.msg[0m
[ 31%] [34m[1mGenerating EusLisp code from ired_msgs/Motor.msg[0m
[ 31%] [34m[1mGenerating C++ code from ired_msgs/Mode.msg[0m
[ 31%] [34m[1mGenerating C++ code from ired_msgs/Motor.msg[0m
[ 31%] [34m[1mGenerating Lisp code from ired_msgs/PID.msg[0m
[ 36%] [34m[1mGenerating C++ code from ired_msgs/IMU.msg[0m
[ 40%] [34m[1mGenerating Lisp code from ired_msgs/IMU.msg[0m
[ 45%] [34m[1mGenerating Javascript code from ired_msgs/IMU.msg[0m
[ 50%] [34m[1mGenerating Python from MSG ired_msgs/IMU[0m
[ 54%] [34m[1mGenerating Python from MSG ired_msgs/Mode[0m
[ 59%] [34m[1mGenerating EusLisp code from ired_msgs/IMU.msg[0m
[ 63%] [34m[1mGenerating Python from MSG ired_msgs/Motor[0m
[ 68%] [34m[1mGenerating C++ code from ired_msgs/PID.msg[0m
[ 72%] [34m[1mGenerating Javascript code from ired_msgs/Mode.msg[0m
[ 77%] [34m[1mGenerating Javascript code from ired_msgs/Motor.msg[0m
[ 77%] Built target ired_msgs_generate_messages_lisp
[ 81%] [34m[1mGenerating Javascript code from ired_msgs/PID.msg[0m
[ 95%] [34m[1mGenerating Python from MSG ired_msgs/PID[0m
[ 95%] [34m[1mGenerating EusLisp manifest code for ired_msgs[0m
[ 95%] [34m[1mGenerating EusLisp code from ired_msgs/PID.msg[0m
[ 95%] Built target ired_msgs_generate_messages_nodejs
[ 95%] Built target ired_msgs_generate_messages_cpp
[100%] [34m[1mGenerating Python msg __init__.py for ired_msgs[0m
[100%] Built target ired_msgs_generate_messages_py
[100%] Built target ired_msgs_generate_messages_eus
[35m[1mScanning dependencies of target ired_msgs_generate_messages[0m
[100%] Built target ired_msgs_generate_messages
